<?xml version="1.0" encoding="UTF-8"?>
<!-- Generated by org.testng.reporters.JUnitReportReporter -->
<testsuite hostname="Lakshmi_Mukund" failures="0" tests="1" name="com.test.script.SalesForceScript" time="2.530" errors="0" timestamp="2023-10-25T15:23:38 CDT" skipped="0">
  <testcase classname="com.test.script.SalesForceScript" name="login_to_firebase" time="2.530"/>
  <system-out/>
</testsuite> <!-- com.test.script.SalesForceScript -->
